<?xml version="1.0" encoding="UTF-8"?>
<testng-results ignored="0" total="1" passed="1" failed="0" skipped="0">
  <reporter-output>
  </reporter-output>
  <suite started-at="2022-02-05T17:11:30 IST" name="Default suite" finished-at="2022-02-05T17:11:56 IST" duration-ms="26626">
    <groups>
    </groups>
    <test started-at="2022-02-05T17:11:30 IST" name="Default test" finished-at="2022-02-05T17:11:56 IST" duration-ms="26626">
      <class name="testcases.HTMLElements">
        <test-method signature="runTest()[pri:0, instance:testcases.HTMLElements@10959ece]" started-at="2022-02-05T17:11:30 IST" name="runTest" finished-at="2022-02-05T17:11:56 IST" duration-ms="26561" status="PASS">
          <reporter-output>
          </reporter-output>
        </test-method> <!-- runTest -->
      </class> <!-- testcases.HTMLElements -->
    </test> <!-- Default test -->
  </suite> <!-- Default suite -->
</testng-results>
